0 info it worked if it ends with ok
1 verbose cli [ 'C:\\Program Files\\nodejs\\node.exe',
1 verbose cli   'C:\\Users\\duygu.akmaz\\AppData\\Roaming\\npm\\node_modules\\npm\\bin\\npm-cli.js',
1 verbose cli   'publish' ]
2 info using npm@3.8.3
3 info using node@v6.1.0
4 verbose publish [ '.' ]
5 silly cache add args [ '.', null ]
6 verbose cache add spec .
7 silly cache add parsed spec Result {
7 silly cache add   raw: '.',
7 silly cache add   scope: null,
7 silly cache add   name: null,
7 silly cache add   rawSpec: '.',
7 silly cache add   spec: 'C:\\Projeler\\FMC.Turkiye.Node\\Ihale\\Modules\\cd-pie-chart',
7 silly cache add   type: 'directory' }
8 verbose addLocalDirectory C:\Users\duygu.akmaz\AppData\Roaming\npm-cache\cd-pie-chart\1.0.0\package.tgz not in flight; packing
9 verbose correctMkdir C:\Users\duygu.akmaz\AppData\Roaming\npm-cache correctMkdir not in flight; initializing
10 info lifecycle cd-pie-chart@1.0.0~prepublish: cd-pie-chart@1.0.0
11 silly lifecycle cd-pie-chart@1.0.0~prepublish: no script for prepublish, continuing
12 verbose tar pack [ 'C:\\Users\\duygu.akmaz\\AppData\\Roaming\\npm-cache\\cd-pie-chart\\1.0.0\\package.tgz',
12 verbose tar pack   'C:\\Projeler\\FMC.Turkiye.Node\\Ihale\\Modules\\cd-pie-chart' ]
13 verbose tarball C:\Users\duygu.akmaz\AppData\Roaming\npm-cache\cd-pie-chart\1.0.0\package.tgz
14 verbose folder C:\Projeler\FMC.Turkiye.Node\Ihale\Modules\cd-pie-chart
15 verbose addLocalTarball adding from inside cache C:\Users\duygu.akmaz\AppData\Roaming\npm-cache\cd-pie-chart\1.0.0\package.tgz
16 verbose correctMkdir C:\Users\duygu.akmaz\AppData\Roaming\npm-cache correctMkdir not in flight; initializing
17 silly cache afterAdd cd-pie-chart@1.0.0
18 verbose afterAdd C:\Users\duygu.akmaz\AppData\Roaming\npm-cache\cd-pie-chart\1.0.0\package\package.json not in flight; writing
19 verbose correctMkdir C:\Users\duygu.akmaz\AppData\Roaming\npm-cache correctMkdir not in flight; initializing
20 verbose afterAdd C:\Users\duygu.akmaz\AppData\Roaming\npm-cache\cd-pie-chart\1.0.0\package\package.json written
21 silly publish { name: 'cd-pie-chart',
21 silly publish   version: '1.0.0',
21 silly publish   homepage: 'https://github.com/cemtopkaya/cd-pie-chart',
21 silly publish   licenses:
21 silly publish    { type: 'MIT',
21 silly publish      url: 'https://github.com/cemtopkaya/cd-pie-chart/blob/master/LICENCE' },
21 silly publish   bugs: { url: 'https://github.com/cemtopkaya/cd-pie-chart/issues' },
21 silly publish   devDependencies:
21 silly publish    { grunt: '~0.4.1',
21 silly publish      'grunt-contrib-concat': '~0.3.0',
21 silly publish      'grunt-contrib-jshint': '~0.4.3',
21 silly publish      'grunt-contrib-uglify': '~0.2.0',
21 silly publish      'grunt-contrib-watch': '~0.4.0',
21 silly publish      'grunt-karma': '^0.6.2',
21 silly publish      'jshint-stylish': '^2.0.1',
21 silly publish      karma: '^1.1.1',
21 silly publish      'karma-coverage': '~0.1.0',
21 silly publish      matchdep: '~0.1.2' },
21 silly publish   readme: 'Legend\'lar üstüne click özelliği ekleniyor.\n\n# n3-charts.pie-chart [![Build Status](https://drone.io/github.com/n3-charts/pie-chart/status.png)](https://drone.io/github.com/n3-charts/pie-chart/latest)\n\nYummy pies and donuts for [AngularJS](http://angularjs.org/) applications. Built on top of the wonderful [D3.js](http://d3js.org/) library.\n\nHere is a [demo page](http://n3-charts.github.io/pie-chart/).\n\n### How to install\n + Copy `pie-chart.min.js` wherever you want\n + Reference it in your index.html file\n + Reference the module in your app file :\n     angular.module(\'myApp\', [\n      \'n3-pie-chart\'\n    ])\n\n### How to use\nA pie chart is called using this syntax :\n\n```html\n<pie-chart data="data" options="options"></pie-chart>\n```\n\nThe pie chart directives needs two attributes : `data` and `options`. If one is missing, nothing happens.\n\n#### Data\nYour data must be an array. Depending whether you wan a pie/donut or a gauge, the array can contain at least two rows, or only one.\n\n##### Standard\n```js\n$scope.data = [\n  {label: "one", value: 12.2, color: "red"}, \n  {label: "two", value: 45, color: "#00ff00"},\n  {label: "three", value: 10, color: "rgb(0, 0, 255)"}\n];\n```\n\n##### Gauge\n```js\n$scope.gauge_data = [\n  {label: "CPU", value: 75, suffix: "%", color: "steelblue"}\n];\n```\n\n+ `complementBrightness` : optional (disabled by default). Expects a number between 0 and 100. If set, it will take the color of the chart, increase the brightness by a given percentage and use the new color for the complement.\n+ `colorComplement` : optional (default is "white"). Defines the color of the complement. Will be ignored if `complementBrightness` is set.\n\n\n#### Options\nOptions must be an object. Depending whether you want a pie/donut or a gauge, additional settings can be required.\n\n##### Standard\n\n```js\n$scope.options = {thickness: 10};\n```\n\n+ `thickness` : optional (default is 10). Defines the chart\'s thickness and has an impact on the legend display (thicker chart means less space for legend).\n\n##### Gauge\n\n```js\n$scope.gauge_options = {thickness: 5, mode: "gauge", total: 100};\n```\n\n+ `thickness` : optional (default is 10). Defines the chart\'s thickness and has an impact on the legend display (thicker chart means less space for legend).\n+ `mode` : optional (default is ""). Can be "gauge" or anything else (but anything else will default to standard pie/donut mode). "gauge" only works when there is exactly one data row in the chart\'s `data` attribute.\n+ `total` : optional (default is 100). Ignored if `mode` is not "gauge". Make the chart able to display the data relatively to a maximum (for instance, if you want to display a percentage, the maximum should be 100).\n\n\n### Building\nFetch the repo :\n```sh\n$ git clone https://github.com/angular-d3/pie-chart.git\n```\n\nInstall stuff :\n```sh\n$ npm install\n```\n\nInstall moar stuff :\n```sh\n$ bower install\n```\n\nInstall teh uterz stuff :\n```sh\n$ grunt\n```\n\nHack.\n\n### Testing\nAngularJS is designed to be testable, and so is this project.\nIt has a good coverage rate (between 85% and 95%), and we want to keep it this way.\n\n  [1]: https://github.com/mbostock/d3/wiki/SVG-Shapes#wiki-line_interpolate\n',
21 silly publish   readmeFilename: 'README.md',
21 silly publish   gitHead: '3dc8c395de92e0ec67ec4293784c051bbbcc3b8c',
21 silly publish   description: 'Legend\'lar üstüne click özelliği ekleniyor.',
21 silly publish   _id: 'cd-pie-chart@1.0.0',
21 silly publish   scripts: {},
21 silly publish   _shasum: 'd135bdd9ec1ebb0c0b6ad84b16dbd84e8241a02c',
21 silly publish   _from: '.' }
22 verbose getPublishConfig undefined
23 silly mapToRegistry name cd-pie-chart
24 silly mapToRegistry using default registry
25 silly mapToRegistry registry http://registry.npmjs.org/
26 silly mapToRegistry data Result {
26 silly mapToRegistry   raw: 'cd-pie-chart',
26 silly mapToRegistry   scope: null,
26 silly mapToRegistry   name: 'cd-pie-chart',
26 silly mapToRegistry   rawSpec: '',
26 silly mapToRegistry   spec: 'latest',
26 silly mapToRegistry   type: 'tag' }
27 silly mapToRegistry uri http://registry.npmjs.org/cd-pie-chart
28 verbose publish registryBase http://registry.npmjs.org/
29 silly publish uploading C:\Users\duygu.akmaz\AppData\Roaming\npm-cache\cd-pie-chart\1.0.0\package.tgz
30 verbose request uri http://registry.npmjs.org/cd-pie-chart
31 verbose request sending authorization for write operation
32 info attempt registry request try #1 at 16:40:25
33 verbose request using bearer token for auth
34 verbose request id 465813fc4b231d19
35 http request PUT http://registry.npmjs.org/cd-pie-chart
36 http 403 http://registry.npmjs.org/cd-pie-chart
37 verbose headers { 'content-type': 'application/json',
37 verbose headers   'cache-control': 'max-age=300',
37 verbose headers   'content-length': '95',
37 verbose headers   'accept-ranges': 'bytes',
37 verbose headers   date: 'Tue, 12 Jul 2016 13:40:27 GMT',
37 verbose headers   via: '1.1 varnish',
37 verbose headers   connection: 'keep-alive',
37 verbose headers   'x-served-by': 'cache-fra1227-FRA',
37 verbose headers   'x-cache': 'MISS',
37 verbose headers   'x-cache-hits': '0',
37 verbose headers   'x-timer': 'S1468330825.927133,VS0,VE1124',
37 verbose headers   vary: 'Accept-Encoding' }
38 verbose request invalidating C:\Users\duygu.akmaz\AppData\Roaming\npm-cache\registry.npmjs.org\cd-pie-chart on PUT
39 error publish Failed PUT 403
40 verbose stack Error: "You cannot publish over the previously published version 1.0.0." : cd-pie-chart
40 verbose stack     at makeError (C:\Users\duygu.akmaz\AppData\Roaming\npm\node_modules\npm\node_modules\npm-registry-client\lib\request.js:264:12)
40 verbose stack     at CachingRegistryClient.<anonymous> (C:\Users\duygu.akmaz\AppData\Roaming\npm\node_modules\npm\node_modules\npm-registry-client\lib\request.js:252:14)
40 verbose stack     at Request._callback (C:\Users\duygu.akmaz\AppData\Roaming\npm\node_modules\npm\node_modules\npm-registry-client\lib\request.js:172:14)
40 verbose stack     at Request.self.callback (C:\Users\duygu.akmaz\AppData\Roaming\npm\node_modules\npm\node_modules\request\request.js:199:22)
40 verbose stack     at emitTwo (events.js:106:13)
40 verbose stack     at Request.emit (events.js:191:7)
40 verbose stack     at Request.<anonymous> (C:\Users\duygu.akmaz\AppData\Roaming\npm\node_modules\npm\node_modules\request\request.js:1036:10)
40 verbose stack     at emitOne (events.js:101:20)
40 verbose stack     at Request.emit (events.js:188:7)
40 verbose stack     at IncomingMessage.<anonymous> (C:\Users\duygu.akmaz\AppData\Roaming\npm\node_modules\npm\node_modules\request\request.js:963:12)
41 verbose statusCode 403
42 verbose pkgid cd-pie-chart
43 verbose cwd C:\Projeler\FMC.Turkiye.Node\Ihale\Modules\cd-pie-chart
44 error Windows_NT 6.1.7601
45 error argv "C:\\Program Files\\nodejs\\node.exe" "C:\\Users\\duygu.akmaz\\AppData\\Roaming\\npm\\node_modules\\npm\\bin\\npm-cli.js" "publish"
46 error node v6.1.0
47 error npm  v3.8.3
48 error code E403
49 error "You cannot publish over the previously published version 1.0.0." : cd-pie-chart
50 error If you need help, you may report this error at:
50 error     <https://github.com/npm/npm/issues>
51 verbose exit [ 1, true ]
